[LOG] System::create                           : Header version = 2.01.09. Current version = 2.01.09.
[LOG] Manager::init                            : maxchannels = 256 studioflags = 00000006 flags 00000000 extradriverdata 0000000000000000.
[LOG] SystemI::init                            : Initialize version=20109 (115889), maxchannels=256, flags=0x00020000
[LOG] SystemI::setOutputInternal               : Setting output to 'FMOD WASAPI Output'
[LOG] OutputWASAPI::init                       : Mix Format (WAVEFORMATEX): wFormatTag=0xFFFE, nChannels=2, nSamplesPerSec=48000, nAvgBytesPerSec=384000, nBlockAlign=8, wBitsPerSample=32, cbSize=22.
[LOG] OutputWASAPI::init                       : Mix Format (WAVEFORMATEXTENSIBLE): wValidBitsPerSample=32, dwChannelMask=0x00000003, SubFormat=00000003-0000-0010-8000-00AA00389B71.
[LOG] OutputWASAPI::init                       : Output buffer size: 4096 samples, latency: 0.00ms, period: 10.00ms, DSP buffer: 1024 * 4
[LOG] Thread::initThread                       : Init FMOD stream thread. Affinity: 0x8000000000000003, Priority: 0xFFFF7FFB, Stack Size: 98304, Semaphore: No, Sleep Time: 10, Looping: Yes.
[LOG] Thread::initThread                       : Init FMOD mixer thread. Affinity: 0x8000000000000001, Priority: 0xFFFF7FFA, Stack Size: 81920, Semaphore: No, Sleep Time: 0, Looping: Yes.
[LOG] AsyncManager::init                       : manager 00000234A715A3D8 isAsync 0 updatePeriod 0.02
[LOG] AsyncManager::init                       : done
[LOG] PlaybackSystem::init                     : 
[LOG] Thread::initThread                       : Init FMOD Studio sample load thread. Affinity: 0x8000000000000003, Priority: 0xFFFF7FFD, Stack Size: 98304, Semaphore: No, Sleep Time: 1, Looping: No.
[LOG] PlaybackSystem::init                     : done
[LOG] Thread::initThread                       : Init FMOD Studio bank load thread. Affinity: 0x8000000000000003, Priority: 0xFFFF7FFD, Stack Size: 98304, Semaphore: No, Sleep Time: 1, Looping: No.
[LOG] Manager::init                            : done.
[LOG] Manager::readBank                        : fileversion = 135, compatVersion = 132 (oldest = 44, newest = 135)
[LOG] Manager::readBank                        : fileversion = 135, compatVersion = 132 (oldest = 44, newest = 135)
[LOG] SystemI::createSoundInternal             : Create name='', mode=0x02000202
[LOG] SystemI::createSoundInternal             : exinfo->cbsize             = 224
[LOG] SystemI::createSoundInternal             : exinfo->length             = 1858528
[LOG] SystemI::createSoundInternal             : exinfo->fileoffset         = 58624
[LOG] SystemI::createSoundInternal             : exinfo->numsubsounds       = 1
[LOG] SystemI::createSoundInternal             : exinfo->inclusionlist      = 0000007E4C0EF3F8
[LOG] SystemI::createSoundInternal             : exinfo->inclusionlistnum   = 1
[LOG] SystemI::createSoundInternal             : exinfo->suggestedsoundtype = 5
[LOG] SystemI::createSoundInternal             : exinfo->useropen           = 00007FF91A017D70
[LOG] SystemI::createSoundInternal             : exinfo->userclose          = 00007FF91A017D40
[LOG] SystemI::createSoundInternal             : exinfo->userread           = 00007FF91A017E40
[LOG] SystemI::createSoundInternal             : exinfo->userseek           = 00007FF91A017F00
[LOG] SystemI::createSoundInternal             : exinfo->fileuserdata       = 0000023431A8C888
[LOG] SystemI::createSoundInternal             : exinfo->initialseekpostype = 1
[LOG] SystemI::DSPCodecPoolRegister            : register codec pool for pool type 5
[LOG] SystemI::createSoundInternal             : Sample 0/1: name='Walk Down', format=5, channels=2, frequency=48000, lengthbytes=4640, lengthpcm=22154, pcmblocksize=0, loopstart=0, loopend=0, mode=0x00000000, channelmask=0x00000000, channelorder=0, peakvolume=0.063446.
[LOG] SystemI::createSoundInternal             : Create name='', mode=0x02000202
[LOG] SystemI::createSoundInternal             : exinfo->cbsize             = 224
[LOG] SystemI::createSoundInternal             : exinfo->length             = 1858528
[LOG] SystemI::createSoundInternal             : exinfo->fileoffset         = 58624
[LOG] SystemI::createSoundInternal             : exinfo->numsubsounds       = 1
[LOG] SystemI::createSoundInternal             : exinfo->inclusionlist      = 0000007E4C0EF3F8
[LOG] SystemI::createSoundInternal             : exinfo->inclusionlistnum   = 1
[LOG] SystemI::createSoundInternal             : exinfo->suggestedsoundtype = 5
[LOG] SystemI::createSoundInternal             : exinfo->useropen           = 00007FF91A017D70
[LOG] SystemI::createSoundInternal             : exinfo->userclose          = 00007FF91A017D40
[LOG] SystemI::createSoundInternal             : exinfo->userread           = 00007FF91A017E40
[LOG] SystemI::createSoundInternal             : exinfo->userseek           = 00007FF91A017F00
[LOG] SystemI::createSoundInternal             : exinfo->fileuserdata       = 0000023431A8C888
[LOG] SystemI::createSoundInternal             : exinfo->initialseekpostype = 1
[LOG] SystemI::DSPCodecPoolRegister            : register codec pool for pool type 5
[LOG] SystemI::createSoundInternal             : Sample 0/1: name='Walk Left', format=5, channels=2, frequency=48000, lengthbytes=4704, lengthpcm=22154, pcmblocksize=0, loopstart=0, loopend=0, mode=0x00000000, channelmask=0x00000000, channelorder=0, peakvolume=0.038147.
[LOG] SystemI::createSoundInternal             : Create name='', mode=0x02000202
[LOG] SystemI::createSoundInternal             : exinfo->cbsize             = 224
[LOG] SystemI::createSoundInternal             : exinfo->length             = 1858528
[LOG] SystemI::createSoundInternal             : exinfo->fileoffset         = 58624
[LOG] SystemI::createSoundInternal             : exinfo->numsubsounds       = 1
[LOG] SystemI::createSoundInternal             : exinfo->inclusionlist      = 0000007E4C0EF3F8
[LOG] SystemI::createSoundInternal             : exinfo->inclusionlistnum   = 1
[LOG] SystemI::createSoundInternal             : exinfo->suggestedsoundtype = 5
[LOG] SystemI::createSoundInternal             : exinfo->useropen           = 00007FF91A017D70
[LOG] SystemI::createSoundInternal             : exinfo->userclose          = 00007FF91A017D40
[LOG] SystemI::createSoundInternal             : exinfo->userread           = 00007FF91A017E40
[LOG] SystemI::createSoundInternal             : exinfo->userseek           = 00007FF91A017F00
[LOG] SystemI::createSoundInternal             : exinfo->fileuserdata       = 0000023431A8C888
[LOG] SystemI::createSoundInternal             : exinfo->initialseekpostype = 1
[LOG] SystemI::DSPCodecPoolRegister            : register codec pool for pool type 5
[LOG] SystemI::createSoundInternal             : Sample 0/1: name='Walk Up', format=5, channels=2, frequency=48000, lengthbytes=4480, lengthpcm=22154, pcmblocksize=0, loopstart=0, loopend=0, mode=0x00000000, channelmask=0x00000000, channelorder=0, peakvolume=0.029083.
[LOG] SystemI::createSoundInternal             : Create name='', mode=0x02000202
[LOG] SystemI::createSoundInternal             : exinfo->cbsize             = 224
[LOG] SystemI::createSoundInternal             : exinfo->length             = 1858528
[LOG] SystemI::createSoundInternal             : exinfo->fileoffset         = 58624
[LOG] SystemI::createSoundInternal             : exinfo->numsubsounds       = 1
[LOG] SystemI::createSoundInternal             : exinfo->inclusionlist      = 0000007E4C0EF3F8
[LOG] SystemI::createSoundInternal             : exinfo->inclusionlistnum   = 1
[LOG] SystemI::createSoundInternal             : exinfo->suggestedsoundtype = 5
[LOG] SystemI::createSoundInternal             : exinfo->useropen           = 00007FF91A017D70
[LOG] SystemI::createSoundInternal             : exinfo->userclose          = 00007FF91A017D40
[LOG] SystemI::createSoundInternal             : exinfo->userread           = 00007FF91A017E40
[LOG] SystemI::createSoundInternal             : exinfo->userseek           = 00007FF91A017F00
[LOG] SystemI::createSoundInternal             : exinfo->fileuserdata       = 0000023431A8C888
[LOG] SystemI::createSoundInternal             : exinfo->initialseekpostype = 1
[LOG] SystemI::DSPCodecPoolRegister            : register codec pool for pool type 5
[LOG] SystemI::createSoundInternal             : Sample 0/1: name='Walk Right', format=5, channels=2, frequency=48000, lengthbytes=4864, lengthpcm=22154, pcmblocksize=0, loopstart=0, loopend=0, mode=0x00000000, channelmask=0x00000000, channelorder=0, peakvolume=0.051483.
[LOG] SoundI::release                          :  (000002341D8560E8)
[LOG] SoundI::release                          :     Walk Up (0000023426D71758)
[LOG] SoundI::release                          :  (000002341D856538)
[LOG] SoundI::release                          :     Walk Right (0000023426D71278)
[LOG] SoundI::release                          :  (0000023426EF18B8)
[LOG] SoundI::release                          :     Walk Down (0000023426D71418)
[LOG] SoundI::release                          :  (0000023426EF1B98)
[LOG] SoundI::release                          :     Walk Left (0000023426D715B8)
[LOG] SoundI::release                          :  (0000023426932368)
[LOG] SoundI::release                          :     6 (000002341DE3A228)
[LOG] SoundI::release                          :  (0000023426932D78)
[LOG] SoundI::release                          :     8 (000002341DE3DE48)
[LOG] SoundI::release                          :  (0000023426932A98)
[LOG] SoundI::release                          :     4 (000002341DE3B0C8)
[LOG] SoundI::release                          :  (000002343DD203F8)
[LOG] SoundI::release                          :     Loud (000002341DE39388)
[LOG] SoundI::release                          :  (000002343DD22958)
[LOG] SoundI::release                          :     2 (000002341DE3A088)
[LOG] SoundI::release                          :  (000002343DD23928)
[LOG] SoundI::release                          :     3 (000002341DE38348)
[LOG] SoundI::release                          :  (0000023426932C08)
[LOG] SoundI::release                          :     5 (000002341DE391E8)
[LOG] SoundI::release                          :  (000002343DD23C08)
[LOG] SoundI::release                          :     1 (000002341DE3B5A8)
[LOG] SoundI::release                          :  (0000023426930DD8)
[LOG] SoundI::release                          :     7 (000002341DE3E188)
[LOG] SoundI::release                          :  (00000234269338F8)
[LOG] SoundI::release                          :     1 (000002341DE3AA48)
[LOG] SoundI::release                          :  (000002343DD227E8)
[LOG] SoundI::release                          :     3 (000002341DE3A708)
[LOG] SoundI::release                          :  (00000234269334A8)
[LOG] SoundI::release                          :     6 (000002341DE3E4C8)
[LOG] SoundI::release                          :  (0000023426931F18)
[LOG] SoundI::release                          :     7 (000002341DE3CAC8)
[LOG] SoundI::release                          :  (0000023426930988)
[LOG] SoundI::release                          :     8 (000002341DE3C108)
[LOG] SoundI::release                          :  (000002343DD20568)
[LOG] SoundI::release                          :     4 (000002341DE38008)
[LOG] SoundI::release                          :  (00000234269331C8)
[LOG] SoundI::release                          :     2 (000002341DE39D48)
[LOG] SoundI::release                          :  (00000234269303C8)
[LOG] SoundI::release                          :     5 (000002341DE396C8)
[LOG] SoundI::release                          :  (000002342692FE08)
[LOG] SoundI::release                          :     Loud (000002341DE3DFE8)
[LOG] SoundI::release                          :  (0000023426933618)
[LOG] SoundI::release                          :     5 (000002341DE384E8)
[LOG] SoundI::release                          :  (0000023426930AF8)
[LOG] SoundI::release                          :     8 (000002341DE38828)
[LOG] SoundI::release                          :  (0000023426930538)
[LOG] SoundI::release                          :     6 (000002341DE389C8)
[LOG] SoundI::release                          :  (0000023426932088)
[LOG] SoundI::release                          :     1 (000002341DE38688)
[LOG] SoundI::release                          :  (00000234269321F8)
[LOG] SoundI::release                          :     Loud (000002341DE39EE8)
[LOG] SoundI::release                          :  (0000023426933BD8)
[LOG] SoundI::release                          :     4 (000002341DE3BF68)
[LOG] SoundI::release                          :  (000002343DD21258)
[LOG] SoundI::release                          :     2 (000002341DE39048)
[LOG] SoundI::release                          :  (000002343DD23D78)
[LOG] SoundI::release                          :     3 (000002341DE39A08)
[LOG] SoundI::release                          :  (00000234269300E8)
[LOG] SoundI::release                          :     7 (000002341DE3A8A8)
[LOG] SoundI::release                          :  (000002342692FF78)
[LOG] SoundI::release                          :     3 (000002341DE3BDC8)
[LOG] SoundI::release                          :  (0000023426933338)
[LOG] SoundI::release                          :     4 (000002341DE39BA8)
[LOG] SoundI::release                          :  (000002343DD23648)
[LOG] SoundI::release                          :     7 (000002341DE3AF28)
[LOG] SoundI::release                          :  (0000023426931AC8)
[LOG] SoundI::release                          :     6 (000002341DE3CC68)
[LOG] SoundI::release                          :  (0000023426932648)
[LOG] SoundI::release                          :     5 (000002341DE3E328)
[LOG] SoundI::release                          :  (0000023426931508)
[LOG] SoundI::release                          :     2 (000002341DE3D488)
[LOG] SoundI::release                          :  (0000023426930F48)
[LOG] SoundI::release                          :     8 (000002341DE3B748)
[LOG] SoundI::release                          :  (00000234269306A8)
[LOG] SoundI::release                          :     Loud (000002341DE3BC28)
[LOG] SoundI::release                          :  (0000023426931DA8)
[LOG] SoundI::release                          :     1 (000002341DE39868)
[LOG] SoundI::release                          :  (0000023426931C38)
[LOG] SoundI::release                          :     6 (000002341DE3C928)
[LOG] SoundI::release                          :  (0000023426930818)
[LOG] SoundI::release                          :     5 (000002341DE3A568)
[LOG] SoundI::release                          :  (0000023426931958)
[LOG] SoundI::release                          :     3 (000002341DE3A3C8)
[LOG] SoundI::release                          :  (000002343DD20B28)
[LOG] SoundI::release                          :     8 (000002341DE3D2E8)
[LOG] SoundI::release                          :  (0000023426933058)
[LOG] SoundI::release                          :     4 (000002341DE3C788)
[LOG] SoundI::release                          :  (000002343DD23368)
[LOG] SoundI::release                          :     Loud (000002341DE37E68)
[LOG] SoundI::release                          :  (0000023426930258)
[LOG] SoundI::release                          :     2 (000002341DE39528)
[LOG] SoundI::release                          :  (00000234269317E8)
[LOG] SoundI::release                          :     1 (000002341DE3DCA8)
[LOG] SoundI::release                          :  (0000023426933788)
[LOG] SoundI::release                          :     7 (000002341DE381A8)
[LOG] Thread::callback                         : FMOD Studio update thread finished.
[LOG] Thread::callback                         : FMOD Studio bank load thread finished.
[LOG] Profile::disconnectAll                   : Profiler disconnecting all clients
[LOG] Thread::callback                         : FMOD Studio sample load thread finished.
[LOG] LiveUpdate::release                      : 
[LOG] LiveUpdate::reset                        : Reset connection (reason Disconnected)
[LOG] Thread::callback                         : FMOD stream thread finished.
[LOG] Thread::callback                         : FMOD mixer thread finished.
[LOG] Profile::disconnectAll                   : Profiler disconnecting all clients
[LOG] SystemI::close                           : Closed.
